<?xml version="1.0" encoding="UTF-8" standalone="yes" ?>
<test-results name="C:\Clean-Delphi-API\api_test\exe\api_test.exe" total="10" errors="0" failures="0" ignored="0" inconclusive="0" not-run="0" skipped="0" invalid="0" date="2021-03-17" time="0.086">
  <culture-info current-culture="en" current-uiculture="en" />
  <test-suite type="Assembly" name="api_test.exe" executed="true" result="Success" success="True" time="0.086" asserts="0">
    <results>
        <test-suite type="Namespace" name="signup_test" executed="true" result="Success" success="True" time="0.085" asserts="0" >
          <results>
              <test-suite type="Fixture" name="TSignupTest" executed="True" result="Success" success="True" time="0.085" >
                <results>
                  <test-case name="MissingParamName" executed="True" result="Success" success="True" time="0.000" asserts="0" />
                  <test-case name="MissingParamEmail" executed="True" result="Success" success="True" time="0.000" asserts="0" />
                  <test-case name="MissingParamPassword" executed="True" result="Success" success="True" time="0.000" asserts="0" />
                  <test-case name="MissingParamPasswordConfirmation" executed="True" result="Success" success="True" time="0.000" asserts="0" />
                  <test-case name="PasswordConfirmationFails" executed="True" result="Success" success="True" time="0.000" asserts="0" />
                  <test-case name="InvalidParamErrorEmail" executed="True" result="Success" success="True" time="0.000" asserts="0" />
                  <test-case name="ShouldCallEmailValidatorWithCorrectEmail" executed="True" result="Success" success="True" time="0.000" asserts="0" />
                  <test-case name="ShouldReturnError500IfEmailValidatorThrows" executed="True" result="Success" success="True" time="0.062" asserts="0" />
                  <test-case name="ShouldReturnError500ifAddAccounthrows" executed="True" result="Success" success="True" time="0.016" asserts="0" />
                  <test-case name="ShouldReturn200ifValidDataProvided" executed="True" result="Success" success="True" time="0.000" asserts="0" />
                </results>
              </test-suite>
          </results>
        </test-suite>
    </results>
  </test-suite>
</test-results>
